The MPI test test_mpi for Fortran in mode F77_HEADER failed to compile with the following output:
Change Dir: /home/derk/Documents/dl-poly-5.1.0/build-mpi/CMakeFiles/CMakeTmp

Run Build Command(s):/usr/bin/gmake -f Makefile cmTC_4419c/fast && /usr/bin/gmake  -f CMakeFiles/cmTC_4419c.dir/build.make CMakeFiles/cmTC_4419c.dir/build
gmake[1]: Entering directory '/home/derk/Documents/dl-poly-5.1.0/build-mpi/CMakeFiles/CMakeTmp'
Building Fortran object CMakeFiles/cmTC_4419c.dir/test_mpi.f90.o
/usr/bin/f95   -O3  -c /home/derk/Documents/dl-poly-5.1.0/build-mpi/CMakeFiles/FindMPI/test_mpi.f90 -o CMakeFiles/cmTC_4419c.dir/test_mpi.f90.o
/home/derk/Documents/dl-poly-5.1.0/build-mpi/CMakeFiles/FindMPI/test_mpi.f90:3: Error: Can't open included file 'mpif.h'
gmake[1]: *** [CMakeFiles/cmTC_4419c.dir/build.make:78: CMakeFiles/cmTC_4419c.dir/test_mpi.f90.o] Error 1
gmake[1]: Leaving directory '/home/derk/Documents/dl-poly-5.1.0/build-mpi/CMakeFiles/CMakeTmp'
gmake: *** [Makefile:127: cmTC_4419c/fast] Error 2



The MPI test test_mpi for Fortran in mode F90_MODULE failed to compile with the following output:
Change Dir: /home/derk/Documents/dl-poly-5.1.0/build-mpi/CMakeFiles/CMakeTmp

Run Build Command(s):/usr/bin/gmake -f Makefile cmTC_8c09a/fast && /usr/bin/gmake  -f CMakeFiles/cmTC_8c09a.dir/build.make CMakeFiles/cmTC_8c09a.dir/build
gmake[1]: Entering directory '/home/derk/Documents/dl-poly-5.1.0/build-mpi/CMakeFiles/CMakeTmp'
Building Fortran object CMakeFiles/cmTC_8c09a.dir/test_mpi.f90.o
/usr/bin/f95   -O3  -c /home/derk/Documents/dl-poly-5.1.0/build-mpi/CMakeFiles/FindMPI/test_mpi.f90 -o CMakeFiles/cmTC_8c09a.dir/test_mpi.f90.o
/home/derk/Documents/dl-poly-5.1.0/build-mpi/CMakeFiles/FindMPI/test_mpi.f90:2:11:

    2 |       use mpi
      |           1
Fatal Error: Cannot open module file ‘mpi.mod’ for reading at (1): No such file or directory
compilation terminated.
gmake[1]: *** [CMakeFiles/cmTC_8c09a.dir/build.make:78: CMakeFiles/cmTC_8c09a.dir/test_mpi.f90.o] Error 1
gmake[1]: Leaving directory '/home/derk/Documents/dl-poly-5.1.0/build-mpi/CMakeFiles/CMakeTmp'
gmake: *** [Makefile:127: cmTC_8c09a/fast] Error 2



The MPI test test_mpi for Fortran in mode F08_MODULE failed to compile with the following output:
Change Dir: /home/derk/Documents/dl-poly-5.1.0/build-mpi/CMakeFiles/CMakeTmp

Run Build Command(s):/usr/bin/gmake -f Makefile cmTC_bfff3/fast && /usr/bin/gmake  -f CMakeFiles/cmTC_bfff3.dir/build.make CMakeFiles/cmTC_bfff3.dir/build
gmake[1]: Entering directory '/home/derk/Documents/dl-poly-5.1.0/build-mpi/CMakeFiles/CMakeTmp'
Building Fortran object CMakeFiles/cmTC_bfff3.dir/test_mpi.f90.o
/usr/bin/f95   -O3  -c /home/derk/Documents/dl-poly-5.1.0/build-mpi/CMakeFiles/FindMPI/test_mpi.f90 -o CMakeFiles/cmTC_bfff3.dir/test_mpi.f90.o
/home/derk/Documents/dl-poly-5.1.0/build-mpi/CMakeFiles/FindMPI/test_mpi.f90:2:11:

    2 |       use mpi_f08
      |           1
Fatal Error: Cannot open module file ‘mpi_f08.mod’ for reading at (1): No such file or directory
compilation terminated.
gmake[1]: *** [CMakeFiles/cmTC_bfff3.dir/build.make:78: CMakeFiles/cmTC_bfff3.dir/test_mpi.f90.o] Error 1
gmake[1]: Leaving directory '/home/derk/Documents/dl-poly-5.1.0/build-mpi/CMakeFiles/CMakeTmp'
gmake: *** [Makefile:127: cmTC_bfff3/fast] Error 2



The MPI test test_mpi for Fortran in mode F77_HEADER_NOKIND failed to compile with the following output:
Change Dir: /home/derk/Documents/dl-poly-5.1.0/build-mpi/CMakeFiles/CMakeTmp

Run Build Command(s):/usr/bin/gmake -f Makefile cmTC_5a44d/fast && /usr/bin/gmake  -f CMakeFiles/cmTC_5a44d.dir/build.make CMakeFiles/cmTC_5a44d.dir/build
gmake[1]: Entering directory '/home/derk/Documents/dl-poly-5.1.0/build-mpi/CMakeFiles/CMakeTmp'
Building Fortran object CMakeFiles/cmTC_5a44d.dir/test_mpi.f90.o
/usr/bin/f95   -O3  -c /home/derk/Documents/dl-poly-5.1.0/build-mpi/CMakeFiles/FindMPI/test_mpi.f90 -o CMakeFiles/cmTC_5a44d.dir/test_mpi.f90.o
/home/derk/Documents/dl-poly-5.1.0/build-mpi/CMakeFiles/FindMPI/test_mpi.f90:3: Error: Can't open included file 'mpif.h'
gmake[1]: *** [CMakeFiles/cmTC_5a44d.dir/build.make:78: CMakeFiles/cmTC_5a44d.dir/test_mpi.f90.o] Error 1
gmake[1]: Leaving directory '/home/derk/Documents/dl-poly-5.1.0/build-mpi/CMakeFiles/CMakeTmp'
gmake: *** [Makefile:127: cmTC_5a44d/fast] Error 2



The MPI test test_mpi for Fortran in mode F77_HEADER failed to compile with the following output:
Change Dir: /home/derk/Documents/dl-poly-5.1.0/build-mpi/CMakeFiles/CMakeTmp

Run Build Command(s):/usr/bin/gmake -f Makefile cmTC_7c955/fast && /usr/bin/gmake  -f CMakeFiles/cmTC_7c955.dir/build.make CMakeFiles/cmTC_7c955.dir/build
gmake[1]: Entering directory '/home/derk/Documents/dl-poly-5.1.0/build-mpi/CMakeFiles/CMakeTmp'
Building Fortran object CMakeFiles/cmTC_7c955.dir/test_mpi.f90.o
/usr/bin/f95   -O3  -c /home/derk/Documents/dl-poly-5.1.0/build-mpi/CMakeFiles/FindMPI/test_mpi.f90 -o CMakeFiles/cmTC_7c955.dir/test_mpi.f90.o
/home/derk/Documents/dl-poly-5.1.0/build-mpi/CMakeFiles/FindMPI/test_mpi.f90:3: Error: Can't open included file 'mpif.h'
gmake[1]: *** [CMakeFiles/cmTC_7c955.dir/build.make:78: CMakeFiles/cmTC_7c955.dir/test_mpi.f90.o] Error 1
gmake[1]: Leaving directory '/home/derk/Documents/dl-poly-5.1.0/build-mpi/CMakeFiles/CMakeTmp'
gmake: *** [Makefile:127: cmTC_7c955/fast] Error 2



The MPI test test_mpi for Fortran in mode F90_MODULE failed to compile with the following output:
Change Dir: /home/derk/Documents/dl-poly-5.1.0/build-mpi/CMakeFiles/CMakeTmp

Run Build Command(s):/usr/bin/gmake -f Makefile cmTC_c2e75/fast && /usr/bin/gmake  -f CMakeFiles/cmTC_c2e75.dir/build.make CMakeFiles/cmTC_c2e75.dir/build
gmake[1]: Entering directory '/home/derk/Documents/dl-poly-5.1.0/build-mpi/CMakeFiles/CMakeTmp'
Building Fortran object CMakeFiles/cmTC_c2e75.dir/test_mpi.f90.o
/usr/bin/f95   -O3  -c /home/derk/Documents/dl-poly-5.1.0/build-mpi/CMakeFiles/FindMPI/test_mpi.f90 -o CMakeFiles/cmTC_c2e75.dir/test_mpi.f90.o
/home/derk/Documents/dl-poly-5.1.0/build-mpi/CMakeFiles/FindMPI/test_mpi.f90:2:11:

    2 |       use mpi
      |           1
Fatal Error: Cannot open module file ‘mpi.mod’ for reading at (1): No such file or directory
compilation terminated.
gmake[1]: *** [CMakeFiles/cmTC_c2e75.dir/build.make:78: CMakeFiles/cmTC_c2e75.dir/test_mpi.f90.o] Error 1
gmake[1]: Leaving directory '/home/derk/Documents/dl-poly-5.1.0/build-mpi/CMakeFiles/CMakeTmp'
gmake: *** [Makefile:127: cmTC_c2e75/fast] Error 2



The MPI test test_mpi for Fortran in mode F08_MODULE failed to compile with the following output:
Change Dir: /home/derk/Documents/dl-poly-5.1.0/build-mpi/CMakeFiles/CMakeTmp

Run Build Command(s):/usr/bin/gmake -f Makefile cmTC_f2c82/fast && /usr/bin/gmake  -f CMakeFiles/cmTC_f2c82.dir/build.make CMakeFiles/cmTC_f2c82.dir/build
gmake[1]: Entering directory '/home/derk/Documents/dl-poly-5.1.0/build-mpi/CMakeFiles/CMakeTmp'
Building Fortran object CMakeFiles/cmTC_f2c82.dir/test_mpi.f90.o
/usr/bin/f95   -O3  -c /home/derk/Documents/dl-poly-5.1.0/build-mpi/CMakeFiles/FindMPI/test_mpi.f90 -o CMakeFiles/cmTC_f2c82.dir/test_mpi.f90.o
/home/derk/Documents/dl-poly-5.1.0/build-mpi/CMakeFiles/FindMPI/test_mpi.f90:2:11:

    2 |       use mpi_f08
      |           1
Fatal Error: Cannot open module file ‘mpi_f08.mod’ for reading at (1): No such file or directory
compilation terminated.
gmake[1]: *** [CMakeFiles/cmTC_f2c82.dir/build.make:78: CMakeFiles/cmTC_f2c82.dir/test_mpi.f90.o] Error 1
gmake[1]: Leaving directory '/home/derk/Documents/dl-poly-5.1.0/build-mpi/CMakeFiles/CMakeTmp'
gmake: *** [Makefile:127: cmTC_f2c82/fast] Error 2



The MPI test test_mpi for Fortran in mode F77_HEADER_NOKIND failed to compile with the following output:
Change Dir: /home/derk/Documents/dl-poly-5.1.0/build-mpi/CMakeFiles/CMakeTmp

Run Build Command(s):/usr/bin/gmake -f Makefile cmTC_6f30f/fast && /usr/bin/gmake  -f CMakeFiles/cmTC_6f30f.dir/build.make CMakeFiles/cmTC_6f30f.dir/build
gmake[1]: Entering directory '/home/derk/Documents/dl-poly-5.1.0/build-mpi/CMakeFiles/CMakeTmp'
Building Fortran object CMakeFiles/cmTC_6f30f.dir/test_mpi.f90.o
/usr/bin/f95   -O3  -c /home/derk/Documents/dl-poly-5.1.0/build-mpi/CMakeFiles/FindMPI/test_mpi.f90 -o CMakeFiles/cmTC_6f30f.dir/test_mpi.f90.o
/home/derk/Documents/dl-poly-5.1.0/build-mpi/CMakeFiles/FindMPI/test_mpi.f90:3: Error: Can't open included file 'mpif.h'
gmake[1]: *** [CMakeFiles/cmTC_6f30f.dir/build.make:78: CMakeFiles/cmTC_6f30f.dir/test_mpi.f90.o] Error 1
gmake[1]: Leaving directory '/home/derk/Documents/dl-poly-5.1.0/build-mpi/CMakeFiles/CMakeTmp'
gmake: *** [Makefile:127: cmTC_6f30f/fast] Error 2



